[debug] [2021-06-17T23:11:28.271Z] ----------------------------------------------------------------------
[debug] [2021-06-17T23:11:28.277Z] Command:       /usr/local/bin/node /usr/local/bin/firebase deploy
[debug] [2021-06-17T23:11:28.278Z] CLI Version:   9.12.0
[debug] [2021-06-17T23:11:28.278Z] Platform:      darwin
[debug] [2021-06-17T23:11:28.278Z] Node Version:  v12.18.3
[debug] [2021-06-17T23:11:28.289Z] Time:          Thu Jun 17 2021 18:11:28 GMT-0500 (GMT-05:00)
[debug] [2021-06-17T23:11:28.289Z] ----------------------------------------------------------------------
[debug] 
[debug] [2021-06-17T23:11:28.296Z] >>> [apiv2][query] GET https://firebase-public.firebaseio.com/cli.json [none]
[debug] [2021-06-17T23:11:28.497Z] > command requires scopes: ["email","openid","https://www.googleapis.com/auth/cloudplatformprojects.readonly","https://www.googleapis.com/auth/firebase","https://www.googleapis.com/auth/cloud-platform"]
[debug] [2021-06-17T23:11:28.498Z] > authorizing via signed-in user (xicoclassproject@gmail.com)
[debug] [2021-06-17T23:11:28.498Z] [iam] checking project xicoclassproject-579bb for permissions ["firebase.projects.get","firebasehosting.sites.update"]
[debug] [2021-06-17T23:11:28.502Z] > refreshing access token with scopes: ["email","https://www.googleapis.com/auth/cloud-platform","https://www.googleapis.com/auth/cloudplatformprojects.readonly","https://www.googleapis.com/auth/firebase","openid"]
[debug] [2021-06-17T23:11:28.503Z] >>> HTTP REQUEST POST https://www.googleapis.com/oauth2/v3/token  
 <request body omitted>
[debug] [2021-06-17T23:11:28.668Z] <<< HTTP RESPONSE 200 {"pragma":"no-cache","date":"Thu, 17 Jun 2021 23:11:28 GMT","expires":"Mon, 01 Jan 1990 00:00:00 GMT","cache-control":"no-cache, no-store, max-age=0, must-revalidate","content-type":"application/json; charset=utf-8","vary":"X-Origin, Referer, Origin,Accept-Encoding","server":"scaffolding on HTTPServer2","x-xss-protection":"0","x-frame-options":"SAMEORIGIN","x-content-type-options":"nosniff","alt-svc":"h3=\":443\"; ma=2592000,h3-29=\":443\"; ma=2592000,h3-T051=\":443\"; ma=2592000,h3-Q050=\":443\"; ma=2592000,h3-Q046=\":443\"; ma=2592000,h3-Q043=\":443\"; ma=2592000,quic=\":443\"; ma=2592000; v=\"46,43\"","accept-ranges":"none","transfer-encoding":"chunked"}
[debug] [2021-06-17T23:11:28.770Z] >>> HTTP REQUEST POST https://cloudresourcemanager.googleapis.com/v1/projects/xicoclassproject-579bb:testIamPermissions  
 {"permissions":["firebase.projects.get","firebasehosting.sites.update"]}
[debug] [2021-06-17T23:11:28.844Z] <<< [apiv2][status] GET https://firebase-public.firebaseio.com/cli.json 200
[debug] [2021-06-17T23:11:28.845Z] <<< [apiv2][body] GET https://firebase-public.firebaseio.com/cli.json {"cloudBuildErrorAfter":1594252800000,"cloudBuildWarnAfter":1590019200000,"defaultNode10After":1594252800000,"minVersion":"3.0.5","node8DeploysDisabledAfter":1613390400000,"node8RuntimeDisabledAfter":1615809600000,"node8WarnAfter":1600128000000}
[debug] [2021-06-17T23:11:29.219Z] <<< HTTP RESPONSE 200 {"content-type":"application/json; charset=UTF-8","vary":"X-Origin, Referer, Origin,Accept-Encoding","date":"Thu, 17 Jun 2021 23:11:29 GMT","server":"ESF","cache-control":"private","x-xss-protection":"0","x-frame-options":"SAMEORIGIN","x-content-type-options":"nosniff","server-timing":"gfet4t7; dur=212","alt-svc":"h3=\":443\"; ma=2592000,h3-29=\":443\"; ma=2592000,h3-T051=\":443\"; ma=2592000,h3-Q050=\":443\"; ma=2592000,h3-Q046=\":443\"; ma=2592000,h3-Q043=\":443\"; ma=2592000,quic=\":443\"; ma=2592000; v=\"46,43\"","accept-ranges":"none","transfer-encoding":"chunked"}
[debug] [2021-06-17T23:11:29.221Z] > refreshing access token with scopes: []
[debug] [2021-06-17T23:11:29.222Z] >>> HTTP REQUEST POST https://www.googleapis.com/oauth2/v3/token  
 <request body omitted>
[debug] [2021-06-17T23:11:29.388Z] <<< HTTP RESPONSE 200 {"pragma":"no-cache","date":"Thu, 17 Jun 2021 23:11:29 GMT","cache-control":"no-cache, no-store, max-age=0, must-revalidate","expires":"Mon, 01 Jan 1990 00:00:00 GMT","content-type":"application/json; charset=utf-8","vary":"X-Origin, Referer, Origin,Accept-Encoding","server":"scaffolding on HTTPServer2","x-xss-protection":"0","x-frame-options":"SAMEORIGIN","x-content-type-options":"nosniff","alt-svc":"h3=\":443\"; ma=2592000,h3-29=\":443\"; ma=2592000,h3-T051=\":443\"; ma=2592000,h3-Q050=\":443\"; ma=2592000,h3-Q046=\":443\"; ma=2592000,h3-Q043=\":443\"; ma=2592000,quic=\":443\"; ma=2592000; v=\"46,43\"","accept-ranges":"none","transfer-encoding":"chunked"}
[debug] [2021-06-17T23:11:29.505Z] >>> [apiv2][query] GET https://firebase.googleapis.com/v1beta1/projects/xicoclassproject-579bb [none]
[debug] [2021-06-17T23:11:29.689Z] <<< [apiv2][status] GET https://firebase.googleapis.com/v1beta1/projects/xicoclassproject-579bb 200
[debug] [2021-06-17T23:11:29.689Z] <<< [apiv2][body] GET https://firebase.googleapis.com/v1beta1/projects/xicoclassproject-579bb {"projectId":"xicoclassproject-579bb","projectNumber":"396970834685","displayName":"xicoclassproject","name":"projects/xicoclassproject-579bb","resources":{"hostingSite":"xicoclassproject-579bb","storageBucket":"xicoclassproject-579bb.appspot.com","locationId":"us-central"},"state":"ACTIVE"}
[info] 
[info] === Deploying to 'xicoclassproject-579bb'...
[info] 
[info] i  deploying hosting 
[debug] [2021-06-17T23:11:29.699Z] > refreshing access token with scopes: ["email","https://www.googleapis.com/auth/cloud-platform","https://www.googleapis.com/auth/cloudplatformprojects.readonly","https://www.googleapis.com/auth/firebase","openid"]
[debug] [2021-06-17T23:11:29.700Z] >>> HTTP REQUEST POST https://www.googleapis.com/oauth2/v3/token  
 <request body omitted>
[debug] [2021-06-17T23:11:29.848Z] <<< HTTP RESPONSE 200 {"cache-control":"no-cache, no-store, max-age=0, must-revalidate","expires":"Mon, 01 Jan 1990 00:00:00 GMT","date":"Thu, 17 Jun 2021 23:11:29 GMT","pragma":"no-cache","content-type":"application/json; charset=utf-8","vary":"X-Origin, Referer, Origin,Accept-Encoding","server":"scaffolding on HTTPServer2","x-xss-protection":"0","x-frame-options":"SAMEORIGIN","x-content-type-options":"nosniff","alt-svc":"h3=\":443\"; ma=2592000,h3-29=\":443\"; ma=2592000,h3-T051=\":443\"; ma=2592000,h3-Q050=\":443\"; ma=2592000,h3-Q046=\":443\"; ma=2592000,h3-Q043=\":443\"; ma=2592000,quic=\":443\"; ma=2592000; v=\"46,43\"","accept-ranges":"none","transfer-encoding":"chunked"}
[debug] [2021-06-17T23:11:30.096Z] >>> HTTP REQUEST POST https://firebasehosting.googleapis.com/v1beta1/sites/xicoclass/versions  
 {"config":{"rewrites":[{"glob":"**","path":"/index.html"}]},"labels":{"deployment-tool":"cli-firebase"}}
[debug] [2021-06-17T23:11:30.761Z] <<< HTTP RESPONSE 200 {"content-type":"application/json; charset=UTF-8","vary":"X-Origin, Referer, Origin,Accept-Encoding","date":"Thu, 17 Jun 2021 23:11:30 GMT","server":"ESF","cache-control":"private","x-xss-protection":"0","x-frame-options":"SAMEORIGIN","x-content-type-options":"nosniff","alt-svc":"h3=\":443\"; ma=2592000,h3-29=\":443\"; ma=2592000,h3-T051=\":443\"; ma=2592000,h3-Q050=\":443\"; ma=2592000,h3-Q046=\":443\"; ma=2592000,h3-Q043=\":443\"; ma=2592000,quic=\":443\"; ma=2592000; v=\"46,43\"","accept-ranges":"none","transfer-encoding":"chunked"}
[info] i  hosting[xicoclass]: beginning deploy... 
[info] i  hosting[xicoclass]: found 54 files in dist 
[debug] [2021-06-17T23:11:31.561Z] > refreshing access token with scopes: []
[debug] [2021-06-17T23:11:31.562Z] >>> HTTP REQUEST POST https://www.googleapis.com/oauth2/v3/token  
 <request body omitted>
[debug] [2021-06-17T23:11:31.565Z] [hosting] hash cache [ZGlzdA] stored for 54 files
[debug] [2021-06-17T23:11:31.565Z] [hosting][hash queue][FINAL] {"max":676,"min":50,"avg":113.07407407407408,"active":0,"complete":54,"success":54,"errored":0,"retried":0,"total":54,"elapsed":697}
[debug] [2021-06-17T23:11:31.714Z] <<< HTTP RESPONSE 200 {"date":"Thu, 17 Jun 2021 23:11:31 GMT","pragma":"no-cache","expires":"Mon, 01 Jan 1990 00:00:00 GMT","cache-control":"no-cache, no-store, max-age=0, must-revalidate","content-type":"application/json; charset=utf-8","vary":"X-Origin, Referer, Origin,Accept-Encoding","server":"scaffolding on HTTPServer2","x-xss-protection":"0","x-frame-options":"SAMEORIGIN","x-content-type-options":"nosniff","alt-svc":"h3=\":443\"; ma=2592000,h3-29=\":443\"; ma=2592000,h3-T051=\":443\"; ma=2592000,h3-Q050=\":443\"; ma=2592000,h3-Q046=\":443\"; ma=2592000,h3-Q043=\":443\"; ma=2592000,quic=\":443\"; ma=2592000; v=\"46,43\"","accept-ranges":"none","transfer-encoding":"chunked"}
[debug] [2021-06-17T23:11:31.796Z] >>> [apiv2][query] POST https://firebasehosting.googleapis.com/v1beta1/sites/xicoclass/versions/4b20ef9171f6945e:populateFiles [none]
[debug] [2021-06-17T23:11:31.796Z] >>> [apiv2][body] POST https://firebasehosting.googleapis.com/v1beta1/sites/xicoclass/versions/4b20ef9171f6945e:populateFiles {"files":{"/css/app.bc6e4b2f.css":"f1b651238a58fe290baec6c5e32f3bdb1943dd2bd582f02569231f7a757c7837","/index.html":"afc0fedcbba5502018f75a6cfc4cbf5982bd153f834e4c55a64002d14999de35","/css/Avisos.b6d35ef2.css":"9472bbf7a8955febe0c619879a74549487ec49106da2ce19571277af5da80929","/css/Biblioteca~Login.d4481170.css":"ebb57e515b907e52735700aea096b26961f5a77923ea6ee860d23ae173ffff60","/css/Avisos~Biblioteca~Home~evaluacion.746ad1bd.css":"9c750507888f0bdd711264314405728c9669d0f44b42db05fa11ca40a7843381","/css/Home.bd8f2727.css":"0c43e27bc3a1019fbdd77da1cae32c59a82faa0a9f8bcaefa339f2a7475f91f7","/css/Login.aded5e21.css":"ececa7eaf1771cda82ef05082cd65c4ad64f28d6c2accb091e5463d7f153a1f4","/css/evaluacion.db71e6f2.css":"e69c37f48953d97704ef45df8201cb636dde51bfbde8204f2ce6074946709439","/css/Avisos~Biblioteca~Home~Login~evaluacion.fe9f46e0.css":"672a577b7e6e3bedd14ecc45afec3cba83e4fcd579019b71ffb698d5a0d6ca03","/css/Biblioteca.cd7dbd19.css":"b408434563547ebf7104d319d72f01f127a3f15113070b46445f03f288ed80d9","/img/img-cuento.1bec9d2c.png":"c4592809b68264d5e3ef89c4fa94eeea2ffe7bd815cd01efba5810ae163da94c","/img/img-grimm.314b5ad0.png":"40c24e134ca11089ef238b41b7e9fc87f48ce331fd6840fa84ab1985b53eea1b","/img/img-juegos.099f44c6.png":"60d4fe54110e1072da02c4bf0c323cdddd505f21512f4a4931d04d6eda86331e","/img/img-notas.e20c5f60.png":"623b209f926c0cf1bd468b6faaa4b8f4fe2b89cf41679cc0f4183e0812909861","/img/img-otros.ada1c26a.png":"7ced944758a0bb10cdcea289e55b84c08c91d4643759048190be0416404525f3","/img/img-mate.1079715d.png":"ca0ee382c7602e6216b5476569070fc389018ea886bb2e729327877a201a7278","/img/img-pensar.df7258d5.png":"26d85bdd9dcb39b58ea3255d8d3772c7e0043df341cf83cdf2abd16a49bf6840","/img/img-recortable.977c0acc.png":"ee70591ff83a55ecb91654ec68df9dff2b0041feb639fb542920443f80941804","/img/img-videos.28368113.png":"ae70a2fdb9e6269d92264a29eecbc7a34cdfbf95718b74e08fb37acdcdf07e2a","/img/img-valores.f3da8ce5.png":"da881ea5147f61a80c473c819b577091747113679b3a4f35154c4d48586bcd7d","/js/Avisos.facb45c5.js":"b51cfb3f420d5061a3d12f96cae883bbb93d988cba9b6283e32bb7200affa400","/js/Avisos.facb45c5.js.map":"33fb9a126b3b1ef2bc55c838553f99a8d879f6446f1b6abff11c15d673f12b71","/js/Avisos~Biblioteca~Home~Login~evaluacion.0d5fa401.js":"e5f42e042d7965d859bdc2de6b29fbfd2ea2342315fe542c6750ec894b63441b","/js/Biblioteca~Login.98ec51ab.js":"569c11953a88ca60066a3267d5e68744dfb926f604c099b9f0fa2d9c3222abfc","/js/Avisos~Biblioteca~Home~evaluacion.bce4021e.js":"d7c4eaa52b493e1a3c448605680791d692bdc09bf6b49f2c3a03972cfd632bd0","/js/Home.e0b61032.js":"22138cd8f1fa439afa678f4df6c30fbc0ca78659a14ef49cb9337bbc6c32c0ef","/js/about.986484d2.js":"974c172026c08f6a3c3d47e3886dcb4d2d60a77dc75918bed6a0fcedcbde896b","/js/about.986484d2.js.map":"4a2f015c0cffb8e48730bb82dd96ae809808b9d88119e1407ee6dc3493b7f3d7","/js/app.cf1233fb.js":"0fce8c1231316f382a7871a4ee00498c6b98f1f49d6fd93e5d3850cbdeddf841","/js/Login.8e4d4956.js":"ae4c759a07babf225c9ad532810bb6b89ad574a1f0a6138c9043ffca9971c0c8","/js/app.cf1233fb.js.map":"cadfeb648e2296293fdb1da198c2af8d15fc1bd4342819765f41ce07f2fc0eb5","/img/CaraNiño.88ca109e.png":"f2735059414c8d50627871826ea0e63c5170042cfd60122de674a94d8dc1cfb0","/js/Biblioteca~Login.98ec51ab.js.map":"e5d0dd3bd92da8efb0eb24684d9f2be0d496cbf8b5cec5f2d184b371453112c6","/js/Biblioteca.128587d8.js":"d380562ab03eecf1f70a9da1466ff6c245179fe5373b38db2f06505d9db9e5ba","/Logo.png":"1057bec88da98f27c7d86452d8658a836e02279173d2dc77934d4fedd8366454","/js/Home.e0b61032.js.map":"95ac01e1cebe1c0b949d8b8fea3881cf308befb98a3c08e2135c030cabb81754","/js/Login.8e4d4956.js.map":"e17813086ded2cecb2520e544f354a306744874450ca6417d86875d8970fea9f","/img/letrasdos.0543ddb0.png":"6fe67287bcef33b28c2f0af46da60451286449848f88a28805d8f84ea11b37aa","/js/evaluacion.c4c1f478.js":"74c262ac8686f1290c1ba156b8ae4010d99510c0ff6e53056d8e83323a42475e","/js/evaluacion.c4c1f478.js.map":"7148c79dab9827cfb4f88849ed35209d02f0c51ccef4d5b28b40bfe96895e5a4","/img/tramitesPre.ec723c64.png":"01d691690ed05b54af0cfcaab8ceaa2e1e1e93833424047d0469a82352c5bc5d","/img/imgCentroMob1.585b7d61.png":"6e181918a171a693856e432e1a351ebea333091319d7eefcee8d774ce2588566","/img/imgCentroMob2.2aa8b95f.png":"d811b233cc55644dfc9a9dcd61964bbe3b29e01c403e410c924a6f228abda05b","/img/CaraNiña.a91de218.png":"9ee014e55532fd7996bf0e53ff314808db4347dcbf1210f3a8030c5f2fb0cf0d","/js/Avisos~Biblioteca~Home~evaluacion.bce4021e.js.map":"b6f1c848a46e3adb809209a688fcbc15ad42e1791a9313facc0d27499aeb75a9","/js/Avisos~Biblioteca~Home~Login~evaluacion.0d5fa401.js.map":"eaa6cd8326864159add83b26c03c156e74924641c5fd0ad6a3eeeff01584bda5","/css/chunk-vendors.a37b1574.css":"3d2b0c386252b81f63d30f8ec64c3c1016a5ac194111ef476e4b981e45c67b89","/img/carusel3.29902f09.png":"48046005d3a17907f80a51067d8c3720c6f4ef155e6bb924bf67203372bbb581","/img/carusel1.7581e0ec.png":"180685c8ca2358a9680caa4dad8b6ec267197f570c6afc050d316723569cbaee","/js/chunk-vendors.e144d027.js":"90495bcd5ba602355d22c96afcf7f3edbc111e13c90522f46bf316c4a3446de3","/js/Biblioteca.128587d8.js.map":"e16711eb0e5921ea1b39b0121b12c2e10b3f702fd4d7842afe146a35257e32a3","/img/carusel2.03035cec.png":"c37b706ed04717b5bb55500dbc50997d12644383f9b7fde6a10d44ff82cb06e5","/js/chunk-vendors.e144d027.js.map":"2b09e563a833b6602278102ee29de25b29dd3f56b632e2cccd93f12d7cc87093","/img/background.fc22c897.png":"0e67e35e6dc16c52e0c44cbd1027aba9f88d2577a31a4fdac8f464e7d80de5c8"}}
[debug] [2021-06-17T23:11:32.430Z] <<< [apiv2][status] POST https://firebasehosting.googleapis.com/v1beta1/sites/xicoclass/versions/4b20ef9171f6945e:populateFiles 200
[debug] [2021-06-17T23:11:32.431Z] <<< [apiv2][body] POST https://firebasehosting.googleapis.com/v1beta1/sites/xicoclass/versions/4b20ef9171f6945e:populateFiles {"uploadRequiredHashes":["afc0fedcbba5502018f75a6cfc4cbf5982bd153f834e4c55a64002d14999de35","48046005d3a17907f80a51067d8c3720c6f4ef155e6bb924bf67203372bbb581","b408434563547ebf7104d319d72f01f127a3f15113070b46445f03f288ed80d9","cadfeb648e2296293fdb1da198c2af8d15fc1bd4342819765f41ce07f2fc0eb5","0fce8c1231316f382a7871a4ee00498c6b98f1f49d6fd93e5d3850cbdeddf841","22138cd8f1fa439afa678f4df6c30fbc0ca78659a14ef49cb9337bbc6c32c0ef","d380562ab03eecf1f70a9da1466ff6c245179fe5373b38db2f06505d9db9e5ba","180685c8ca2358a9680caa4dad8b6ec267197f570c6afc050d316723569cbaee","9ee014e55532fd7996bf0e53ff314808db4347dcbf1210f3a8030c5f2fb0cf0d","95ac01e1cebe1c0b949d8b8fea3881cf308befb98a3c08e2135c030cabb81754","e16711eb0e5921ea1b39b0121b12c2e10b3f702fd4d7842afe146a35257e32a3"],"uploadUrl":"https://upload-firebasehosting.googleapis.com/upload/sites/xicoclass/versions/4b20ef9171f6945e/files"}
[debug] [2021-06-17T23:11:32.438Z] >>> [apiv2][query] POST https://upload-firebasehosting.googleapis.com/upload/sites/xicoclass/versions/4b20ef9171f6945e/files/afc0fedcbba5502018f75a6cfc4cbf5982bd153f834e4c55a64002d14999de35 [none]
[debug] [2021-06-17T23:11:32.439Z] >>> [apiv2][body] POST https://upload-firebasehosting.googleapis.com/upload/sites/xicoclass/versions/4b20ef9171f6945e/files/afc0fedcbba5502018f75a6cfc4cbf5982bd153f834e4c55a64002d14999de35 [stream]
[debug] [2021-06-17T23:11:32.441Z] >>> [apiv2][query] POST https://upload-firebasehosting.googleapis.com/upload/sites/xicoclass/versions/4b20ef9171f6945e/files/48046005d3a17907f80a51067d8c3720c6f4ef155e6bb924bf67203372bbb581 [none]
[debug] [2021-06-17T23:11:32.441Z] >>> [apiv2][body] POST https://upload-firebasehosting.googleapis.com/upload/sites/xicoclass/versions/4b20ef9171f6945e/files/48046005d3a17907f80a51067d8c3720c6f4ef155e6bb924bf67203372bbb581 [stream]
[debug] [2021-06-17T23:11:32.443Z] >>> [apiv2][query] POST https://upload-firebasehosting.googleapis.com/upload/sites/xicoclass/versions/4b20ef9171f6945e/files/b408434563547ebf7104d319d72f01f127a3f15113070b46445f03f288ed80d9 [none]
[debug] [2021-06-17T23:11:32.443Z] >>> [apiv2][body] POST https://upload-firebasehosting.googleapis.com/upload/sites/xicoclass/versions/4b20ef9171f6945e/files/b408434563547ebf7104d319d72f01f127a3f15113070b46445f03f288ed80d9 [stream]
[debug] [2021-06-17T23:11:32.444Z] >>> [apiv2][query] POST https://upload-firebasehosting.googleapis.com/upload/sites/xicoclass/versions/4b20ef9171f6945e/files/cadfeb648e2296293fdb1da198c2af8d15fc1bd4342819765f41ce07f2fc0eb5 [none]
[debug] [2021-06-17T23:11:32.445Z] >>> [apiv2][body] POST https://upload-firebasehosting.googleapis.com/upload/sites/xicoclass/versions/4b20ef9171f6945e/files/cadfeb648e2296293fdb1da198c2af8d15fc1bd4342819765f41ce07f2fc0eb5 [stream]
[debug] [2021-06-17T23:11:32.446Z] >>> [apiv2][query] POST https://upload-firebasehosting.googleapis.com/upload/sites/xicoclass/versions/4b20ef9171f6945e/files/0fce8c1231316f382a7871a4ee00498c6b98f1f49d6fd93e5d3850cbdeddf841 [none]
[debug] [2021-06-17T23:11:32.446Z] >>> [apiv2][body] POST https://upload-firebasehosting.googleapis.com/upload/sites/xicoclass/versions/4b20ef9171f6945e/files/0fce8c1231316f382a7871a4ee00498c6b98f1f49d6fd93e5d3850cbdeddf841 [stream]
[debug] [2021-06-17T23:11:32.448Z] >>> [apiv2][query] POST https://upload-firebasehosting.googleapis.com/upload/sites/xicoclass/versions/4b20ef9171f6945e/files/22138cd8f1fa439afa678f4df6c30fbc0ca78659a14ef49cb9337bbc6c32c0ef [none]
[debug] [2021-06-17T23:11:32.448Z] >>> [apiv2][body] POST https://upload-firebasehosting.googleapis.com/upload/sites/xicoclass/versions/4b20ef9171f6945e/files/22138cd8f1fa439afa678f4df6c30fbc0ca78659a14ef49cb9337bbc6c32c0ef [stream]
[debug] [2021-06-17T23:11:32.449Z] >>> [apiv2][query] POST https://upload-firebasehosting.googleapis.com/upload/sites/xicoclass/versions/4b20ef9171f6945e/files/d380562ab03eecf1f70a9da1466ff6c245179fe5373b38db2f06505d9db9e5ba [none]
[debug] [2021-06-17T23:11:32.450Z] >>> [apiv2][body] POST https://upload-firebasehosting.googleapis.com/upload/sites/xicoclass/versions/4b20ef9171f6945e/files/d380562ab03eecf1f70a9da1466ff6c245179fe5373b38db2f06505d9db9e5ba [stream]
[debug] [2021-06-17T23:11:32.457Z] >>> [apiv2][query] POST https://upload-firebasehosting.googleapis.com/upload/sites/xicoclass/versions/4b20ef9171f6945e/files/180685c8ca2358a9680caa4dad8b6ec267197f570c6afc050d316723569cbaee [none]
[debug] [2021-06-17T23:11:32.457Z] >>> [apiv2][body] POST https://upload-firebasehosting.googleapis.com/upload/sites/xicoclass/versions/4b20ef9171f6945e/files/180685c8ca2358a9680caa4dad8b6ec267197f570c6afc050d316723569cbaee [stream]
[debug] [2021-06-17T23:11:32.459Z] >>> [apiv2][query] POST https://upload-firebasehosting.googleapis.com/upload/sites/xicoclass/versions/4b20ef9171f6945e/files/9ee014e55532fd7996bf0e53ff314808db4347dcbf1210f3a8030c5f2fb0cf0d [none]
[debug] [2021-06-17T23:11:32.459Z] >>> [apiv2][body] POST https://upload-firebasehosting.googleapis.com/upload/sites/xicoclass/versions/4b20ef9171f6945e/files/9ee014e55532fd7996bf0e53ff314808db4347dcbf1210f3a8030c5f2fb0cf0d [stream]
[debug] [2021-06-17T23:11:32.461Z] >>> [apiv2][query] POST https://upload-firebasehosting.googleapis.com/upload/sites/xicoclass/versions/4b20ef9171f6945e/files/95ac01e1cebe1c0b949d8b8fea3881cf308befb98a3c08e2135c030cabb81754 [none]
[debug] [2021-06-17T23:11:32.461Z] >>> [apiv2][body] POST https://upload-firebasehosting.googleapis.com/upload/sites/xicoclass/versions/4b20ef9171f6945e/files/95ac01e1cebe1c0b949d8b8fea3881cf308befb98a3c08e2135c030cabb81754 [stream]
[debug] [2021-06-17T23:11:32.462Z] >>> [apiv2][query] POST https://upload-firebasehosting.googleapis.com/upload/sites/xicoclass/versions/4b20ef9171f6945e/files/e16711eb0e5921ea1b39b0121b12c2e10b3f702fd4d7842afe146a35257e32a3 [none]
[debug] [2021-06-17T23:11:32.462Z] >>> [apiv2][body] POST https://upload-firebasehosting.googleapis.com/upload/sites/xicoclass/versions/4b20ef9171f6945e/files/e16711eb0e5921ea1b39b0121b12c2e10b3f702fd4d7842afe146a35257e32a3 [stream]
[debug] [2021-06-17T23:11:32.464Z] [hosting][populate queue][FINAL] {"max":877,"min":877,"avg":877,"active":0,"complete":1,"success":1,"errored":0,"retried":0,"total":1,"elapsed":903}
[debug] [2021-06-17T23:11:32.464Z] [hosting] uploads queued: 11
